Using pre-set license
Built from '2021.1/staging' branch; Version is '2021.1.6f1 (c0fade0cc7e9) revision 12647134'; Using compiler version '192528614'; Build Type 'Release'
OS: 'Windows 10 Home; OS build 19043.1110; Version 2009; 64bit' Language: 'de' Physical Memory: 16332 MB
BatchMode: 1, IsHumanControllingUs: 0, StartBugReporterOnCrash: 0, Is64bit: 1, IsPro: 0

 COMMAND LINE ARGUMENTS:
G:\Unity\2021.1.6f1\Editor\Unity.exe
-adb2
-batchMode
-noUpm
-name
AssetImportWorker1
-projectPath
G:/NEONCIRCUIT/neoncircuit/NEONCIRCUIT
-logFile
Logs/AssetImportWorker1.log
-srvPort
58004
Successfully changed project path to: G:/NEONCIRCUIT/neoncircuit/NEONCIRCUIT
G:/NEONCIRCUIT/neoncircuit/NEONCIRCUIT
Using Asset Import Pipeline V2.
Refreshing native plugins compatible for Editor in 104.70 ms, found 1 plugins.
Preloading 0 native plugins for Editor in 0.00 ms.
Initialize engine version: 2021.1.6f1 (c0fade0cc7e9)
[Subsystems] Discovering subsystems at path G:/Unity/2021.1.6f1/Editor/Data/Resources/UnitySubsystems
[Subsystems] Discovering subsystems at path G:/NEONCIRCUIT/neoncircuit/NEONCIRCUIT/Assets
GfxDevice: creating device client; threaded=0; jobified=0
Direct3D:
    Version:  Direct3D 11.0 [level 11.1]
    Renderer: NVIDIA GeForce GTX 1070 (ID=0x1b81)
    Vendor:   NVIDIA
    VRAM:     8088 MB
    Driver:   30.0.14.7111
Shader 'Universal Render Pipeline/Particles/Lit': fallback shader 'Universal Render Pipeline/Particles/SimpleLit' not found
Initialize mono
Mono path[0] = 'G:/Unity/2021.1.6f1/Editor/Data/Managed'
Mono path[1] = 'G:/Unity/2021.1.6f1/Editor/Data/MonoBleedingEdge/lib/mono/unityjit'
Mono config path = 'G:/Unity/2021.1.6f1/Editor/Data/MonoBleedingEdge/etc'
Using monoOptions --debugger-agent=transport=dt_socket,embedding=1,server=y,suspend=n,address=127.0.0.1:56512
Begin MonoManager ReloadAssembly
Registering precompiled unity dll's ...
Register platform support module: G:/Unity/2021.1.6f1/Editor/Data/PlaybackEngines/WindowsStandaloneSupport/UnityEditor.WindowsStandalone.Extensions.dll
Registered in 0.000954 seconds.
Native extension for WindowsStandalone target not found
Refreshing native plugins compatible for Editor in 105.81 ms, found 1 plugins.
Preloading 0 native plugins for Editor in 0.00 ms.
Mono: successfully reloaded assembly
- Completed reload, in  1.269 seconds
Platform modules already initialized, skipping
Registering precompiled user dll's ...
Registered in 0.002151 seconds.
Begin MonoManager ReloadAssembly
Native extension for WindowsStandalone target not found
Refreshing native plugins compatible for Editor in 109.41 ms, found 1 plugins.
Preloading 0 native plugins for Editor in 0.00 ms.
Mono: successfully reloaded assembly
- Completed reload, in  1.173 seconds
Platform modules already initialized, skipping
========================================================================
Worker process is ready to serve import requests
Shader 'Universal Render Pipeline/Particles/Lit': fallback shader 'Universal Render Pipeline/Particles/SimpleLit' not found
Launched and connected shader compiler UnityShaderCompiler.exe after 0.05 seconds
Refreshing native plugins compatible for Editor in 1.10 ms, found 1 plugins.
Preloading 0 native plugins for Editor in 0.00 ms.
Unloading 4619 Unused Serialized files (Serialized files now loaded: 0)
System memory in use before: 270.1 MB.
System memory in use after: 270.0 MB.

Unloading 123 unused Assets to reduce memory usage. Loaded Objects now: 5072.
Total: 3.530200 ms (FindLiveObjects: 0.430800 ms CreateObjectMapping: 0.110900 ms MarkObjects: 2.587300 ms  DeleteObjects: 0.399700 ms)

========================================================================
Received Import Request.
  path: Assets/Resources/Prefabs/Boss-Level/Boss level parent.prefab
  artifactKey: Guid(82d28036cb846194c8a3f4cbdfea9554) Importer(815301076,1909f56bfc062723c751e8b465ee728b)
Start importing Assets/Resources/Prefabs/Boss-Level/Boss level parent.prefab using Guid(82d28036cb846194c8a3f4cbdfea9554) Importer(815301076,1909f56bfc062723c751e8b465ee728b)  -> (artifact id: '4cb733aa5b9d91ba3353fae9e0016b62') in 0.305807 seconds 
========================================================================
Received Import Request.
  Time since last request: 26.658019 seconds.
  path: Assets/Resources/Prefabs/Boss-Level/Boss/Boss-Spherephiroth.prefab
  artifactKey: Guid(0e13e57d5c195534bbab2decd8b02f4c) Importer(815301076,1909f56bfc062723c751e8b465ee728b)
Start importing Assets/Resources/Prefabs/Boss-Level/Boss/Boss-Spherephiroth.prefab using Guid(0e13e57d5c195534bbab2decd8b02f4c) Importer(815301076,1909f56bfc062723c751e8b465ee728b)  -> (artifact id: 'fad55fd775e6a79061a92569ffb9a57e') in 0.065382 seconds 
